Build started 8/21/2016 10:33:31 AM.
     1>Project "C:\Users\Devon\documents\visual studio 2013\Projects\SoundsTooGood\SoundsTooGood\SoundsTooGood.vcxproj" on node 2 (Build target(s)).
     1>ClCompile:
         C:\Program Files (x86)\Microsoft Visual Studio 12.0\VC\bin\CL.exe /c /ZI /nologo /W3 /WX- /sdl /Od /Oy- /D WIN32 /D _DEBUG /D _CONSOLE /D _LIB /D _UNICODE /D UNICODE /Gm /EHsc /RTC1 /MDd /GS /fp:precise /Zc:wchar_t /Zc:forScope /Yu"stdafx.h" /Fp"Debug\SoundsTooGood.pch" /Fo"Debug\\" /Fd"Debug\vc120.pdb" /Gd /TP /analyze- /errorReport:prompt SoundsTooGood.cpp
         SoundsTooGood.cpp
     1>c:\users\devon\documents\visual studio 2013\projects\soundstoogood\soundstoogood\cnote.h(58): warning C4244: 'initializing' : conversion from 'time_t' to 'double', possible loss of data
     1>c:\users\devon\documents\visual studio 2013\projects\soundstoogood\soundstoogood\soundstoogood.cpp(125): warning C4800: 'BOOL' : forcing value to bool 'true' or 'false' (performance warning)
     1>c:\users\devon\documents\visual studio 2013\projects\soundstoogood\soundstoogood\soundstoogood.cpp(258): warning C4305: 'initializing' : truncation from 'double' to 'float'
     1>c:\users\devon\documents\visual studio 2013\projects\soundstoogood\soundstoogood\soundstoogood.cpp(260): warning C4305: 'initializing' : truncation from 'double' to 'float'
     1>c:\users\devon\documents\visual studio 2013\projects\soundstoogood\soundstoogood\soundstoogood.cpp(264): warning C4305: 'initializing' : truncation from 'double' to 'float'
     1>c:\users\devon\documents\visual studio 2013\projects\soundstoogood\soundstoogood\soundstoogood.cpp(266): warning C4305: 'initializing' : truncation from 'double' to 'float'
     1>c:\users\devon\documents\visual studio 2013\projects\soundstoogood\soundstoogood\soundstoogood.cpp(333): warning C4018: '<' : signed/unsigned mismatch
     1>c:\users\devon\documents\visual studio 2013\projects\soundstoogood\soundstoogood\soundstoogood.cpp(328): warning C4101: 'tempNote' : unreferenced local variable
       Link:
         C:\Program Files (x86)\Microsoft Visual Studio 12.0\VC\bin\link.exe /ERRORREPORT:PROMPT /OUT:"C:\Users\Devon\documents\visual studio 2013\Projects\SoundsTooGood\Debug\SoundsTooGood.exe" /INCREMENTAL /NOLOGO winmm.lib kernel32.lib user32.lib gdi32.lib winspool.lib comdlg32.lib advapi32.lib shell32.lib ole32.lib oleaut32.lib uuid.lib odbc32.lib odbccp32.lib /MANIFEST /MANIFESTUAC:"level='asInvoker' uiAccess='false'" /manifest:embed /DEBUG /PDB:"C:\Users\Devon\documents\visual studio 2013\Projects\SoundsTooGood\Debug\SoundsTooGood.pdb" /SUBSYSTEM:CONSOLE /TLBID:1 /DYNAMICBASE /NXCOMPAT /IMPLIB:"C:\Users\Devon\documents\visual studio 2013\Projects\SoundsTooGood\Debug\SoundsTooGood.lib" /MACHINE:X86 Debug\cMakeNote.obj
         Debug\cMusic.obj
         Debug\cNote.obj
         Debug\cWav.obj
         Debug\lwrite.obj
         Debug\SoundsTooGood.obj
         Debug\stdafx.obj
         SoundsTooGood.vcxproj -> C:\Users\Devon\documents\visual studio 2013\Projects\SoundsTooGood\Debug\SoundsTooGood.exe
     1>Done Building Project "C:\Users\Devon\documents\visual studio 2013\Projects\SoundsTooGood\SoundsTooGood\SoundsTooGood.vcxproj" (Build target(s)).

Build succeeded.

Time Elapsed 00:00:02.27
